# JRE version: Java(TM) SE Runtime Environment (17.0.9+11) (build 17.0.9+11-LTS-201)
# Java VM: Java HotSpot(TM) 64-Bit Server VM (17.0.9+11-LTS-201, mixed mode, sharing, tiered, compressed oops, compressed class ptrs, g1 gc, windows-amd64)
GC Precious Log:
 CPUs: 4 total, 4 available
 Memory: 8018M
 Large Page Support: Disabled
 NUMA Support: Disabled
 Compressed Oops: Enabled (32-bit)
 Heap Region Size: 1M
 Heap Min Capacity: 8M
 Heap Initial Capacity: 126M
 Heap Max Capacity: 2G
 Pre-touch: Disabled
 Parallel Workers: 4
 Concurrent Workers: 1
 Concurrent Refinement Workers: 4
 Periodic GC: Disabled
Heap:
 garbage-first heap   total 309248K, used 262974K [0x0000000080000000, 0x0000000100000000)
  region size 1024K, 2 young (2048K), 2 survivors (2048K)
 Metaspace       used 106404K, committed 108032K, reserved 557056K
  class space    used 14867K, committed 15616K, reserved 425984K
GC Heap History (20 events):
Event: 122.892 GC heap after
{Heap after GC invocations=71 (full 0):
 garbage-first heap   total 309248K, used 249446K [0x0000000080000000, 0x0000000100000000)
  region size 1024K, 3 young (3072K), 3 survivors (3072K)
 Metaspace       used 106142K, committed 107648K, reserved 557056K
  class space    used 14847K, committed 15552K, reserved 425984K
}
Event: 123.570 GC heap before
{Heap before GC invocations=71 (full 0):
 garbage-first heap   total 309248K, used 268902K [0x0000000080000000, 0x0000000100000000)
  region size 1024K, 22 young (22528K), 3 survivors (3072K)
 Metaspace       used 106149K, committed 107712K, reserved 557056K
  class space    used 14847K, committed 15552K, reserved 425984K
}
Event: 123.574 GC heap after
{Heap after GC invocations=72 (full 0):
 garbage-first heap   total 309248K, used 250711K [0x0000000080000000, 0x0000000100000000)
  region size 1024K, 3 young (3072K), 3 survivors (3072K)
 Metaspace       used 106149K, committed 107712K, reserved 557056K
  class space    used 14847K, committed 15552K, reserved 425984K
}
Event: 123.954 GC heap before
{Heap before GC invocations=72 (full 0):
 garbage-first heap   total 309248K, used 273239K [0x0000000080000000, 0x0000000100000000)
  region size 1024K, 22 young (22528K), 3 survivors (3072K)
 Metaspace       used 106151K, committed 107712K, reserved 557056K
  class space    used 14847K, committed 15552K, reserved 425984K
}
Event: 123.963 GC heap after
{Heap after GC invocations=73 (full 0):
 garbage-first heap   total 309248K, used 253309K [0x0000000080000000, 0x0000000100000000)
  region size 1024K, 3 young (3072K), 3 survivors (3072K)
 Metaspace       used 106151K, committed 107712K, reserved 557056K
  class space    used 14847K, committed 15552K, reserved 425984K
}
Event: 124.417 GC heap before
{Heap before GC invocations=73 (full 0):
 garbage-first heap   total 309248K, used 269693K [0x0000000080000000, 0x0000000100000000)
  region size 1024K, 19 young (19456K), 3 survivors (3072K)
 Metaspace       used 106207K, committed 107712K, reserved 557056K
  class space    used 14847K, committed 15552K, reserved 425984K
}
Event: 124.423 GC heap after
{Heap after GC invocations=74 (full 0):
 garbage-first heap   total 309248K, used 255049K [0x0000000080000000, 0x0000000100000000)
  region size 1024K, 2 young (2048K), 2 survivors (2048K)
 Metaspace       used 106207K, committed 107712K, reserved 557056K
  class space    used 14847K, committed 15552K, reserved 425984K
}
Event: 124.819 GC heap before
{Heap before GC invocations=74 (full 0):
 garbage-first heap   total 309248K, used 269385K [0x0000000080000000, 0x0000000100000000)
  region size 1024K, 17 young (17408K), 2 survivors (2048K)
 Metaspace       used 106211K, committed 107712K, reserved 557056K
  class space    used 14847K, committed 15552K, reserved 425984K
}
Event: 124.824 GC heap after
{Heap after GC invocations=75 (full 0):
 garbage-first heap   total 309248K, used 256525K [0x0000000080000000, 0x0000000100000000)
  region size 1024K, 2 young (2048K), 2 survivors (2048K)
 Metaspace       used 106211K, committed 107712K, reserved 557056K
  class space    used 14847K, committed 15552K, reserved 425984K
}
Event: 125.175 GC heap before
{Heap before GC invocations=75 (full 0):
 garbage-first heap   total 309248K, used 271885K [0x0000000080000000, 0x0000000100000000)
  region size 1024K, 17 young (17408K), 2 survivors (2048K)
 Metaspace       used 106290K, committed 107840K, reserved 557056K
  class space    used 14850K, committed 15552K, reserved 425984K
}
Event: 125.185 GC heap after
{Heap after GC invocations=76 (full 0):
 garbage-first heap   total 309248K, used 258305K [0x0000000080000000, 0x0000000100000000)
  region size 1024K, 3 young (3072K), 3 survivors (3072K)
 Metaspace       used 106290K, committed 107840K, reserved 557056K
  class space    used 14850K, committed 15552K, reserved 425984K
}
Event: 125.499 GC heap before
{Heap before GC invocations=76 (full 0):
 garbage-first heap   total 309248K, used 274689K [0x0000000080000000, 0x0000000100000000)
  region size 1024K, 16 young (16384K), 3 survivors (3072K)
 Metaspace       used 106309K, committed 107840K, reserved 557056K
  class space    used 14851K, committed 15552K, reserved 425984K
}
Event: 125.507 GC heap after
{Heap after GC invocations=77 (full 0):
 garbage-first heap   total 309248K, used 260027K [0x0000000080000000, 0x0000000100000000)
  region size 1024K, 2 young (2048K), 2 survivors (2048K)
 Metaspace       used 106309K, committed 107840K, reserved 557056K
  class space    used 14851K, committed 15552K, reserved 425984K
}
Event: 125.828 GC heap before
{Heap before GC invocations=77 (full 0):
 garbage-first heap   total 309248K, used 272315K [0x0000000080000000, 0x0000000100000000)
  region size 1024K, 15 young (15360K), 2 survivors (2048K)
 Metaspace       used 106315K, committed 107840K, reserved 557056K
  class space    used 14851K, committed 15552K, reserved 425984K
}
Event: 125.836 GC heap after
{Heap after GC invocations=78 (full 0):
 garbage-first heap   total 309248K, used 261627K [0x0000000080000000, 0x0000000100000000)
  region size 1024K, 2 young (2048K), 2 survivors (2048K)
 Metaspace       used 106315K, committed 107840K, reserved 557056K
  class space    used 14851K, committed 15552K, reserved 425984K
}
Event: 126.477 GC heap before
{Heap before GC invocations=78 (full 0):
 garbage-first heap   total 309248K, used 275963K [0x0000000080000000, 0x0000000100000000)
  region size 1024K, 15 young (15360K), 2 survivors (2048K)
 Metaspace       used 106403K, committed 107968K, reserved 557056K
  class space    used 14867K, committed 15616K, reserved 425984K
}
Event: 126.481 GC heap after
{Heap after GC invocations=79 (full 0):
 garbage-first heap   total 309248K, used 264052K [0x0000000080000000, 0x0000000100000000)
  region size 1024K, 2 young (2048K), 2 survivors (2048K)
 Metaspace       used 106403K, committed 107968K, reserved 557056K
  class space    used 14867K, committed 15616K, reserved 425984K
}
Event: 126.482 GC heap before
{Heap before GC invocations=79 (full 0):
 garbage-first heap   total 309248K, used 264052K [0x0000000080000000, 0x0000000100000000)
  region size 1024K, 3 young (3072K), 2 survivors (2048K)
 Metaspace       used 106403K, committed 107968K, reserved 557056K
  class space    used 14867K, committed 15616K, reserved 425984K
}
Event: 126.486 GC heap after
{Heap after GC invocations=80 (full 0):
 garbage-first heap   total 309248K, used 263989K [0x0000000080000000, 0x0000000100000000)
  region size 1024K, 1 young (1024K), 1 survivors (1024K)
 Metaspace       used 106403K, committed 107968K, reserved 557056K
  class space    used 14867K, committed 15616K, reserved 425984K
}
Event: 126.896 GC heap before
{Heap before GC invocations=80 (full 0):
 garbage-first heap   total 309248K, used 279349K [0x0000000080000000, 0x0000000100000000)
  region size 1024K, 15 young (15360K), 1 survivors (1024K)
 Metaspace       used 106404K, committed 108032K, reserved 557056K
  class space    used 14867K, committed 15616K, reserved 425984K
}

